<?xml version="1.0" encoding="UTF-8"?>
<testsuite name="com.example.demo.data.BaseDeDonneesTests" tests="1" skipped="0" failures="0" errors="0" timestamp="2023-04-03T08:25:19" hostname="r20210" time="0.019">
  <properties/>
  <testcase name="uneVoiture()" classname="com.example.demo.data.BaseDeDonneesTests" time="0.019"/>
  <system-out><![CDATA[10:25:17.084 [Test worker] DEBUG org.springframework.test.context.BootstrapUtils - Instantiating CacheAwareContextLoaderDelegate from class [org.springframework.test.context.cache.DefaultCacheAwareContextLoaderDelegate]
10:25:17.090 [Test worker] DEBUG org.springframework.test.context.BootstrapUtils - Instantiating BootstrapContext using constructor [public org.springframework.test.context.support.DefaultBootstrapContext(java.lang.Class,org.springframework.test.context.CacheAwareContextLoaderDelegate)]
10:25:17.121 [Test worker] DEBUG org.springframework.test.context.BootstrapUtils - Instantiating TestContextBootstrapper for test class [com.example.demo.data.BaseDeDonneesTests] from class [org.springframework.boot.test.context.SpringBootTestContextBootstrapper]
10:25:17.128 [Test worker] INFO org.springframework.boot.test.context.SpringBootTestContextBootstrapper - Neither @ContextConfiguration nor @ContextHierarchy found for test class [com.example.demo.data.BaseDeDonneesTests], using SpringBootContextLoader
10:25:17.130 [Test worker] DEBUG org.springframework.test.context.support.AbstractContextLoader - Did not detect default resource location for test class [com.example.demo.data.BaseDeDonneesTests]: class path resource [com/example/demo/data/BaseDeDonneesTests-context.xml] does not exist
10:25:17.131 [Test worker] DEBUG org.springframework.test.context.support.AbstractContextLoader - Did not detect default resource location for test class [com.example.demo.data.BaseDeDonneesTests]: class path resource [com/example/demo/data/BaseDeDonneesTestsContext.groovy] does not exist
10:25:17.131 [Test worker] INFO org.springframework.test.context.support.AbstractContextLoader - Could not detect default resource locations for test class [com.example.demo.data.BaseDeDonneesTests]: no resource found for suffixes {-context.xml, Context.groovy}.
10:25:17.131 [Test worker] INFO org.springframework.test.context.support.AnnotationConfigContextLoaderUtils - Could not detect default configuration classes for test class [com.example.demo.data.BaseDeDonneesTests]: BaseDeDonneesTests does not declare any static, non-private, non-final, nested classes annotated with @Configuration.
10:25:17.161 [Test worker] DEBUG org.springframework.test.context.support.ActiveProfilesUtils - Could not find an 'annotation declaring class' for annotation type [org.springframework.test.context.ActiveProfiles] and class [com.example.demo.data.BaseDeDonneesTests]
10:25:17.199 [Test worker] DEBUG org.springframework.context.annotation.ClassPathScanningCandidateComponentProvider - Identified candidate component class: file [/tmp/qualiteDeDeveloppement/build/classes/java/main/com/example/demo/DemoApplication.class]
10:25:17.200 [Test worker] INFO org.springframework.boot.test.context.SpringBootTestContextBootstrapper - Found @SpringBootConfiguration com.example.demo.DemoApplication for test class com.example.demo.data.BaseDeDonneesTests
10:25:17.261 [Test worker] DEBUG org.springframework.boot.test.context.SpringBootTestContextBootstrapper - @TestExecutionListeners is not present for class [com.example.demo.data.BaseDeDonneesTests]: using defaults.
10:25:17.262 [Test worker] INFO org.springframework.boot.test.context.SpringBootTestContextBootstrapper - Loaded default TestExecutionListener class names from location [META-INF/spring.factories]: [org.springframework.boot.test.autoconfigure.restdocs.RestDocsTestExecutionListener, org.springframework.boot.test.autoconfigure.web.client.MockRestServiceServerResetTestExecutionListener, org.springframework.boot.test.autoconfigure.web.servlet.MockMvcPrintOnlyOnFailureTestExecutionListener, org.springframework.boot.test.autoconfigure.web.servlet.WebDriverTestExecutionListener, org.springframework.boot.test.autoconfigure.webservices.client.MockWebServiceServerTestExecutionListener, org.springframework.boot.test.mock.mockito.MockitoTestExecutionListener, org.springframework.boot.test.mock.mockito.ResetMocksTestExecutionListener, org.springframework.test.context.web.ServletTestExecutionListener, org.springframework.test.context.support.DirtiesContextBeforeModesTestExecutionListener, org.springframework.test.context.event.ApplicationEventsTestExecutionListener, org.springframework.test.context.support.DependencyInjectionTestExecutionListener, org.springframework.test.context.support.DirtiesContextTestExecutionListener, org.springframework.test.context.transaction.TransactionalTestExecutionListener, org.springframework.test.context.jdbc.SqlScriptsTestExecutionListener, org.springframework.test.context.event.EventPublishingTestExecutionListener]
10:25:17.271 [Test worker] INFO org.springframework.boot.test.context.SpringBootTestContextBootstrapper - Using TestExecutionListeners: [org.springframework.test.context.web.ServletTestExecutionListener@2766ca9d, org.springframework.test.context.support.DirtiesContextBeforeModesTestExecutionListener@5460cf3a, org.springframework.test.context.event.ApplicationEventsTestExecutionListener@65a15628, org.springframework.boot.test.mock.mockito.MockitoTestExecutionListener@2e6a5539, org.springframework.boot.test.autoconfigure.SpringBootDependencyInjectionTestExecutionListener@3fc9504b, org.springframework.test.context.support.DirtiesContextTestExecutionListener@6d025197, org.springframework.test.context.transaction.TransactionalTestExecutionListener@27d4a09, org.springframework.test.context.jdbc.SqlScriptsTestExecutionListener@7e4204e2, org.springframework.test.context.event.EventPublishingTestExecutionListener@b7c4869, org.springframework.boot.test.autoconfigure.restdocs.RestDocsTestExecutionListener@740d2e78, org.springframework.boot.test.autoconfigure.web.client.MockRestServiceServerResetTestExecutionListener@1c481ff2, org.springframework.boot.test.autoconfigure.web.servlet.MockMvcPrintOnlyOnFailureTestExecutionListener@72437d8d, org.springframework.boot.test.autoconfigure.web.servlet.WebDriverTestExecutionListener@1b955cac, org.springframework.boot.test.autoconfigure.webservices.client.MockWebServiceServerTestExecutionListener@676cf48, org.springframework.boot.test.mock.mockito.ResetMocksTestExecutionListener@5a1de7fb]
10:25:17.274 [Test worker] DEBUG org.springframework.test.context.support.AbstractDirtiesContextTestExecutionListener - Before test class: context [DefaultTestContext@7f132176 testClass = BaseDeDonneesTests, testInstance = [null], testMethod = [null], testException = [null], mergedContextConfiguration = [WebMergedContextConfiguration@6bca7e0d testClass = BaseDeDonneesTests, locations = '{}', classes = '{class com.example.demo.DemoApplication}', contextInitializerClasses = '[]', activeProfiles = '{}', propertySourceLocations = '{}', propertySourceProperties = '{org.springframework.boot.test.context.SpringBootTestContextBootstrapper=true}', contextCustomizers = set[org.springframework.boot.test.autoconfigure.actuate.metrics.MetricsExportContextCustomizerFactory$DisableMetricExportContextCustomizer@247310d0, org.springframework.boot.test.autoconfigure.properties.PropertyMappingContextCustomizer@0, org.springframework.boot.test.autoconfigure.web.servlet.WebDriverContextCustomizerFactory$Customizer@304bb45b, org.springframework.boot.test.context.filter.ExcludeFilterContextCustomizer@52f27fbd, org.springframework.boot.test.json.DuplicateJsonObjectContextCustomizerFactory$DuplicateJsonObjectContextCustomizer@312aa7c, org.springframework.boot.test.mock.mockito.MockitoContextCustomizer@84b0708a, org.springframework.boot.test.web.client.TestRestTemplateContextCustomizer@194fad1, org.springframework.boot.test.context.SpringBootTestArgs@1, org.springframework.boot.test.context.SpringBootTestWebEnvironment@4df50bcc], resourceBasePath = 'src/main/webapp', contextLoader = 'org.springframework.boot.test.context.SpringBootContextLoader', parent = [null]], attributes = map['org.springframework.test.context.web.ServletTestExecutionListener.activateListener' -> true]], class annotated with @DirtiesContext [false] with mode [null].

  .   ____          _            __ _ _
 /\\ / ___'_ __ _ _(_)_ __  __ _ \ \ \ \
( ( )\___ | '_ | '_| | '_ \/ _` | \ \ \ \
 \\/  ___)| |_)| | | | | || (_| |  ) ) ) )
  '  |____| .__|_| |_|_| |_\__, | / / / /
 =========|_|==============|___/=/_/_/_/
 :: Spring Boot ::                (v2.7.9)

2023-04-03 10:25:17.495  INFO 19898 --- [    Test worker] c.example.demo.data.BaseDeDonneesTests   : Starting BaseDeDonneesTests using Java 1.8.0_292 on r20210.iutv.univ-paris13.fr with PID 19898 (started by 12102253 in /tmp/qualiteDeDeveloppement)
2023-04-03 10:25:17.496  INFO 19898 --- [    Test worker] c.example.demo.data.BaseDeDonneesTests   : No active profile set, falling back to 1 default profile: "default"
2023-04-03 10:25:17.868  INFO 19898 --- [    Test worker] .s.d.r.c.RepositoryConfigurationDelegate : Bootstrapping Spring Data JPA repositories in DEFAULT mode.
2023-04-03 10:25:17.895  INFO 19898 --- [    Test worker] .s.d.r.c.RepositoryConfigurationDelegate : Finished Spring Data repository scanning in 22 ms. Found 1 JPA repository interfaces.
2023-04-03 10:25:18.548  INFO 19898 --- [    Test worker] com.zaxxer.hikari.HikariDataSource       : HikariPool-1 - Starting...
2023-04-03 10:25:18.699  INFO 19898 --- [    Test worker] com.zaxxer.hikari.HikariDataSource       : HikariPool-1 - Start completed.
2023-04-03 10:25:18.745  INFO 19898 --- [    Test worker] o.hibernate.jpa.internal.util.LogHelper  : HHH000204: Processing PersistenceUnitInfo [name: default]
2023-04-03 10:25:18.780  INFO 19898 --- [    Test worker] org.hibernate.Version                    : HHH000412: Hibernate ORM core version 5.6.15.Final
2023-04-03 10:25:18.810  INFO 19898 --- [    Test worker] o.hibernate.annotations.common.Version   : HCANN000001: Hibernate Commons Annotations {5.1.2.Final}
2023-04-03 10:25:18.894  INFO 19898 --- [    Test worker] org.hibernate.dialect.Dialect            : HHH000400: Using dialect: org.hibernate.dialect.H2Dialect
2023-04-03 10:25:19.220  INFO 19898 --- [    Test worker] o.h.e.t.j.p.i.JtaPlatformInitiator       : HHH000490: Using JtaPlatform implementation: [org.hibernate.engine.transaction.jta.platform.internal.NoJtaPlatform]
2023-04-03 10:25:19.227  INFO 19898 --- [    Test worker] j.LocalContainerEntityManagerFactoryBean : Initialized JPA EntityManagerFactory for persistence unit 'default'
2023-04-03 10:25:19.375  WARN 19898 --- [    Test worker] JpaBaseConfiguration$JpaWebConfiguration : spring.jpa.open-in-view is enabled by default. Therefore, database queries may be performed during view rendering. Explicitly configure spring.jpa.open-in-view to disable this warning
2023-04-03 10:25:19.766  INFO 19898 --- [    Test worker] c.example.demo.data.BaseDeDonneesTests   : Started BaseDeDonneesTests in 2.469 seconds (JVM running for 3.166)
]]></system-out>
  <system-err><![CDATA[]]></system-err>
</testsuite>
